0 info it worked if it ends with ok
1 verbose cli [ 'E:\\nodejs\\node.exe',
1 verbose cli   'E:\\nodejs\\node_modules\\npm\\bin\\npm-cli.js',
1 verbose cli   'install',
1 verbose cli   'node-teamspeak' ]
2 info using npm@3.10.10
3 info using node@v6.9.5
4 silly loadCurrentTree Starting
5 silly install loadCurrentTree
6 silly install readLocalPackageData
7 silly fetchPackageMetaData node-teamspeak
8 silly fetchNamedPackageData node-teamspeak
9 silly mapToRegistry name node-teamspeak
10 silly mapToRegistry using default registry
11 silly mapToRegistry registry https://registry.npmjs.org/
12 silly mapToRegistry data Result {
12 silly mapToRegistry   raw: 'node-teamspeak',
12 silly mapToRegistry   scope: null,
12 silly mapToRegistry   escapedName: 'node-teamspeak',
12 silly mapToRegistry   name: 'node-teamspeak',
12 silly mapToRegistry   rawSpec: '',
12 silly mapToRegistry   spec: 'latest',
12 silly mapToRegistry   type: 'tag' }
13 silly mapToRegistry uri https://registry.npmjs.org/node-teamspeak
14 verbose request uri https://registry.npmjs.org/node-teamspeak
15 verbose request no auth needed
16 info attempt registry request try #1 at 16:28:46
17 verbose request id 051d0d20e7924c67
18 verbose etag W/"5514985c-2353"
19 verbose lastModified Thu, 26 Mar 2015 23:38:04 GMT
20 http request GET https://registry.npmjs.org/node-teamspeak
21 http 304 https://registry.npmjs.org/node-teamspeak
22 verbose headers { date: 'Sat, 18 Feb 2017 15:28:55 GMT',
22 verbose headers   via: '1.1 varnish',
22 verbose headers   'cache-control': 'max-age=300',
22 verbose headers   etag: 'W/"5514985c-2353"',
22 verbose headers   age: '47',
22 verbose headers   connection: 'keep-alive',
22 verbose headers   'x-served-by': 'cache-hhn1520-HHN',
22 verbose headers   'x-cache': 'HIT',
22 verbose headers   'x-cache-hits': '1',
22 verbose headers   'x-timer': 'S1487431735.533742,VS0,VE0',
22 verbose headers   vary: 'Accept-Encoding' }
23 silly get cb [ 304,
23 silly get   { date: 'Sat, 18 Feb 2017 15:28:55 GMT',
23 silly get     via: '1.1 varnish',
23 silly get     'cache-control': 'max-age=300',
23 silly get     etag: 'W/"5514985c-2353"',
23 silly get     age: '47',
23 silly get     connection: 'keep-alive',
23 silly get     'x-served-by': 'cache-hhn1520-HHN',
23 silly get     'x-cache': 'HIT',
23 silly get     'x-cache-hits': '1',
23 silly get     'x-timer': 'S1487431735.533742,VS0,VE0',
23 silly get     vary: 'Accept-Encoding' } ]
24 verbose etag https://registry.npmjs.org/node-teamspeak from cache
25 verbose get saving node-teamspeak to C:\Users\xxx\AppData\Roaming\npm-cache\registry.npmjs.org\node-teamspeak\.cache.json
26 verbose correctMkdir C:\Users\xxx\AppData\Roaming\npm-cache correctMkdir not in flight; initializing
27 silly install normalizeTree
28 silly loadCurrentTree Finishing
29 silly loadIdealTree Starting
30 silly install loadIdealTree
31 silly cloneCurrentTree Starting
32 silly install cloneCurrentTreeToIdealTree
33 silly cloneCurrentTree Finishing
34 silly loadShrinkwrap Starting
35 silly install loadShrinkwrap
36 silly loadShrinkwrap Finishing
37 silly loadAllDepsIntoIdealTree Starting
38 silly install loadAllDepsIntoIdealTree
39 silly resolveWithNewModule node-teamspeak@1.0.10 checking installable status
40 silly cache add args [ 'node-teamspeak', null ]
41 verbose cache add spec node-teamspeak
42 silly cache add parsed spec Result {
42 silly cache add   raw: 'node-teamspeak',
42 silly cache add   scope: null,
42 silly cache add   escapedName: 'node-teamspeak',
42 silly cache add   name: 'node-teamspeak',
42 silly cache add   rawSpec: '',
42 silly cache add   spec: 'latest',
42 silly cache add   type: 'tag' }
43 silly addNamed node-teamspeak@latest
44 verbose addNamed "latest" is being treated as a dist-tag for node-teamspeak
45 info addNameTag [ 'node-teamspeak', 'latest' ]
46 silly mapToRegistry name node-teamspeak
47 silly mapToRegistry using default registry
48 silly mapToRegistry registry https://registry.npmjs.org/
49 silly mapToRegistry data Result {
49 silly mapToRegistry   raw: 'node-teamspeak',
49 silly mapToRegistry   scope: null,
49 silly mapToRegistry   escapedName: 'node-teamspeak',
49 silly mapToRegistry   name: 'node-teamspeak',
49 silly mapToRegistry   rawSpec: '',
49 silly mapToRegistry   spec: 'latest',
49 silly mapToRegistry   type: 'tag' }
50 silly mapToRegistry uri https://registry.npmjs.org/node-teamspeak
51 verbose addNameTag registry:https://registry.npmjs.org/node-teamspeak not in flight; fetching
52 verbose get https://registry.npmjs.org/node-teamspeak not expired, no request
53 silly addNameTag next cb for node-teamspeak with tag latest
54 silly addNamed node-teamspeak@1.0.10
55 verbose addNamed "1.0.10" is a plain semver version for node-teamspeak
56 silly cache afterAdd node-teamspeak@1.0.10
57 verbose afterAdd C:\Users\xxx\AppData\Roaming\npm-cache\node-teamspeak\1.0.10\package\package.json not in flight; writing
58 verbose correctMkdir C:\Users\xxx\AppData\Roaming\npm-cache correctMkdir not in flight; initializing
59 verbose afterAdd C:\Users\xxx\AppData\Roaming\npm-cache\node-teamspeak\1.0.10\package\package.json written
60 silly fetchNamedPackageData line-input-stream
61 silly mapToRegistry name line-input-stream
62 silly mapToRegistry using default registry
63 silly mapToRegistry registry https://registry.npmjs.org/
64 silly mapToRegistry data Result {
64 silly mapToRegistry   raw: 'line-input-stream',
64 silly mapToRegistry   scope: null,
64 silly mapToRegistry   escapedName: 'line-input-stream',
64 silly mapToRegistry   name: 'line-input-stream',
64 silly mapToRegistry   rawSpec: '',
64 silly mapToRegistry   spec: 'latest',
64 silly mapToRegistry   type: 'tag' }
65 silly mapToRegistry uri https://registry.npmjs.org/line-input-stream
66 verbose request uri https://registry.npmjs.org/line-input-stream
67 verbose request no auth needed
68 info attempt registry request try #1 at 16:28:47
69 verbose etag W/"50466a7c-26d2"
70 verbose lastModified Tue, 04 Sep 2012 20:54:20 GMT
71 http request GET https://registry.npmjs.org/line-input-stream
72 http 304 https://registry.npmjs.org/line-input-stream
73 verbose headers { date: 'Sat, 18 Feb 2017 15:28:55 GMT',
73 verbose headers   via: '1.1 varnish',
73 verbose headers   'cache-control': 'max-age=300',
73 verbose headers   etag: 'W/"50466a7c-26d2"',
73 verbose headers   age: '47',
73 verbose headers   connection: 'keep-alive',
73 verbose headers   'x-served-by': 'cache-hhn1520-HHN',
73 verbose headers   'x-cache': 'HIT',
73 verbose headers   'x-cache-hits': '1',
73 verbose headers   'x-timer': 'S1487431735.634014,VS0,VE0',
73 verbose headers   vary: 'Accept-Encoding' }
74 silly get cb [ 304,
74 silly get   { date: 'Sat, 18 Feb 2017 15:28:55 GMT',
74 silly get     via: '1.1 varnish',
74 silly get     'cache-control': 'max-age=300',
74 silly get     etag: 'W/"50466a7c-26d2"',
74 silly get     age: '47',
74 silly get     connection: 'keep-alive',
74 silly get     'x-served-by': 'cache-hhn1520-HHN',
74 silly get     'x-cache': 'HIT',
74 silly get     'x-cache-hits': '1',
74 silly get     'x-timer': 'S1487431735.634014,VS0,VE0',
74 silly get     vary: 'Accept-Encoding' } ]
75 verbose etag https://registry.npmjs.org/line-input-stream from cache
76 verbose get saving line-input-stream to C:\Users\xxx\AppData\Roaming\npm-cache\registry.npmjs.org\line-input-stream\.cache.json
77 verbose correctMkdir C:\Users\xxx\AppData\Roaming\npm-cache correctMkdir not in flight; initializing
78 silly resolveWithNewModule line-input-stream@1.0.1 checking installable status
79 silly cache add args [ 'line-input-stream@>=1.0.1', null ]
80 verbose cache add spec line-input-stream@>=1.0.1
81 silly cache add parsed spec Result {
81 silly cache add   raw: 'line-input-stream@>=1.0.1',
81 silly cache add   scope: null,
81 silly cache add   escapedName: 'line-input-stream',
81 silly cache add   name: 'line-input-stream',
81 silly cache add   rawSpec: '>=1.0.1',
81 silly cache add   spec: '>=1.0.1',
81 silly cache add   type: 'range' }
82 silly addNamed line-input-stream@>=1.0.1
83 verbose addNamed ">=1.0.1" is a valid semver range for line-input-stream
84 silly addNameRange { name: 'line-input-stream', range: '>=1.0.1', hasData: false }
85 silly mapToRegistry name line-input-stream
86 silly mapToRegistry using default registry
87 silly mapToRegistry registry https://registry.npmjs.org/
88 silly mapToRegistry data Result {
88 silly mapToRegistry   raw: 'line-input-stream',
88 silly mapToRegistry   scope: null,
88 silly mapToRegistry   escapedName: 'line-input-stream',
88 silly mapToRegistry   name: 'line-input-stream',
88 silly mapToRegistry   rawSpec: '',
88 silly mapToRegistry   spec: 'latest',
88 silly mapToRegistry   type: 'tag' }
89 silly mapToRegistry uri https://registry.npmjs.org/line-input-stream
90 verbose addNameRange registry:https://registry.npmjs.org/line-input-stream not in flight; fetching
91 verbose get https://registry.npmjs.org/line-input-stream not expired, no request
92 silly addNameRange number 2 { name: 'line-input-stream', range: '>=1.0.1', hasData: true }
93 silly addNameRange versions [ 'line-input-stream', [ '1.0.0', '1.0.1' ] ]
94 silly addNamed line-input-stream@1.0.1
95 verbose addNamed "1.0.1" is a plain semver version for line-input-stream
96 silly cache afterAdd line-input-stream@1.0.1
97 verbose afterAdd C:\Users\xxx\AppData\Roaming\npm-cache\line-input-stream\1.0.1\package\package.json not in flight; writing
98 verbose correctMkdir C:\Users\xxx\AppData\Roaming\npm-cache correctMkdir not in flight; initializing
99 verbose afterAdd C:\Users\xxx\AppData\Roaming\npm-cache\line-input-stream\1.0.1\package\package.json written
100 silly loadAllDepsIntoIdealTree Finishing
101 silly loadIdealTree Finishing
102 silly currentTree workspace
102 silly currentTree +-- notif_ts.js
102 silly currentTree +-- query_ts.js
102 silly currentTree `-- rename_files@1.0.0
102 silly currentTree   `-- dateformat@1.0.11
102 silly currentTree     +-- get-stdin@4.0.1
102 silly currentTree     `-- meow@3.3.0
102 silly currentTree       +-- camelcase-keys@1.0.0
102 silly currentTree       | +-- camelcase@1.2.1
102 silly currentTree       | `-- map-obj@1.0.1
102 silly currentTree       +-- indent-string@1.2.2
102 silly currentTree       | `-- repeating@1.1.3
102 silly currentTree       |   `-- is-finite@1.0.1
102 silly currentTree       |     `-- number-is-nan@1.0.0
102 silly currentTree       +-- minimist@1.1.3
102 silly currentTree       `-- object-assign@3.0.0
103 silly idealTree workspace
103 silly idealTree +-- line-input-stream@1.0.1
103 silly idealTree +-- node-teamspeak@1.0.10
103 silly idealTree +-- notif_ts.js
103 silly idealTree +-- query_ts.js
103 silly idealTree `-- rename_files@1.0.0
103 silly idealTree   `-- dateformat@1.0.11
103 silly idealTree     +-- get-stdin@4.0.1
103 silly idealTree     `-- meow@3.3.0
103 silly idealTree       +-- camelcase-keys@1.0.0
103 silly idealTree       | +-- camelcase@1.2.1
103 silly idealTree       | `-- map-obj@1.0.1
103 silly idealTree       +-- indent-string@1.2.2
103 silly idealTree       | `-- repeating@1.1.3
103 silly idealTree       |   `-- is-finite@1.0.1
103 silly idealTree       |     `-- number-is-nan@1.0.0
103 silly idealTree       +-- minimist@1.1.3
103 silly idealTree       `-- object-assign@3.0.0
104 silly generateActionsToTake Starting
105 silly install generateActionsToTake
106 silly rollbackFailedOptional Starting
107 silly rollbackFailedOptional Finishing
108 silly runTopLevelLifecycles Finishing
109 silly install printInstalled
110 warn enoent ENOENT: no such file or directory, open 'F:\workspace\package.json'
111 verbose enoent ENOENT: no such file or directory, open 'F:\workspace\package.json'
111 verbose enoent This is most likely not a problem with npm itself
111 verbose enoent and is related to npm not being able to find a file.
112 verbose stack Error: F:\workspace\node_modules\rename_files: Appears to be a git repo or submodule.
112 verbose stack     at E:\nodejs\node_modules\npm\node_modules\npm-install-checks\index.js:137:15
112 verbose stack     at E:\nodejs\node_modules\npm\node_modules\graceful-fs\polyfills.js:267:18
112 verbose stack     at FSReqWrap.oncomplete (fs.js:123:15)
113 verbose cwd F:\workspace\node_modules
114 error Windows_NT 6.1.7601
115 error argv "E:\\nodejs\\node.exe" "E:\\nodejs\\node_modules\\npm\\bin\\npm-cli.js" "install" "node-teamspeak"
116 error node v6.9.5
117 error npm  v3.10.10
118 error path F:\workspace\node_modules\rename_files
119 error code EISGIT
120 error git F:\workspace\node_modules\rename_files: Appears to be a git repo or submodule.
121 error git F:\workspace\node_modules\rename_files
122 error git Refusing to remove it. Update manually,
122 error git or move it out of the way first.
123 verbose exit [ 1, true ]
